[0.283s] DEBUG:colcon:Command line arguments: ['/usr/bin/colcon', 'build', '--packages-select', 'scara_robot', '--event-handlers', 'console_direct+']
[0.283s] DEBUG:colcon:Parsed command line arguments: Namespace(log_base=None, log_level=None, verb_name='build', build_base='build', install_base='install', merge_install=False, symlink_install=False, test_result_base=None, continue_on_error=False, executor='parallel', parallel_workers=4, event_handlers=['console_direct+'], ignore_user_meta=False, metas=['./colcon.meta'], base_paths=['.'], packages_ignore=None, packages_ignore_regex=None, paths=None, packages_up_to=None, packages_up_to_regex=None, packages_above=None, packages_above_and_dependencies=None, packages_above_depth=None, packages_select_by_dep=None, packages_skip_by_dep=None, packages_skip_up_to=None, packages_select_build_failed=False, packages_skip_build_finished=False, packages_select_test_failures=False, packages_skip_test_passed=False, packages_select=['scara_robot'], packages_skip=None, packages_select_regex=None, packages_skip_regex=None, packages_start=None, packages_end=None, allow_overriding=[], cmake_args=None, cmake_target=None, cmake_target_skip_unavailable=False, cmake_clean_cache=False, cmake_clean_first=False, cmake_force_configure=False, ament_cmake_args=None, catkin_cmake_args=None, catkin_skip_building_tests=False, verb_parser=<colcon_defaults.argument_parser.defaults.DefaultArgumentsDecorator object at 0x7c7ac8e654b0>, verb_extension=<colcon_core.verb.build.BuildVerb object at 0x7c7ac8f627d0>, main=<bound method BuildVerb.main of <colcon_core.verb.build.BuildVerb object at 0x7c7ac8f627d0>>)
[0.893s] Level 1:colcon.colcon_core.package_discovery:discover_packages(colcon_meta) check parameters
[0.893s] Level 1:colcon.colcon_core.package_discovery:discover_packages(recursive) check parameters
[0.894s] Level 1:colcon.colcon_core.package_discovery:discover_packages(ignore) check parameters
[0.894s] Level 1:colcon.colcon_core.package_discovery:discover_packages(path) check parameters
[0.894s] Level 1:colcon.colcon_core.package_discovery:discover_packages(colcon_meta) discover
[0.894s] Level 1:colcon.colcon_core.package_discovery:discover_packages(recursive) discover
[0.894s] INFO:colcon.colcon_core.package_discovery:Crawling recursively for packages in '/home/dkndaie/ros2_ws/src/scara_robot'
[0.895s] Level 1:colcon.colcon_core.package_identification:_identify(.) by extensions ['ignore', 'ignore_ament_install']
[0.895s] Level 1:colcon.colcon_core.package_identification:_identify(.) by extension 'ignore'
[0.895s] Level 1:colcon.colcon_core.package_identification:_identify(.) by extension 'ignore_ament_install'
[0.895s] Level 1:colcon.colcon_core.package_identification:_identify(.) by extensions ['colcon_pkg']
[0.896s] Level 1:colcon.colcon_core.package_identification:_identify(.) by extension 'colcon_pkg'
[0.896s] Level 1:colcon.colcon_core.package_identification:_identify(.) by extensions ['colcon_meta']
[0.896s] Level 1:colcon.colcon_core.package_identification:_identify(.) by extension 'colcon_meta'
[0.896s] Level 1:colcon.colcon_core.package_identification:_identify(.) by extensions ['ros']
[0.896s] Level 1:colcon.colcon_core.package_identification:_identify(.) by extension 'ros'
[0.950s] DEBUG:colcon.colcon_core.package_identification:Package '.' with type 'ros.ament_python' and name 'scara_robot'
[0.950s] Level 1:colcon.colcon_core.package_discovery:discover_packages(recursive) using defaults
[0.950s] Level 1:colcon.colcon_core.package_discovery:discover_packages(ignore) discover
[0.950s] Level 1:colcon.colcon_core.package_discovery:discover_packages(ignore) using defaults
[0.950s] Level 1:colcon.colcon_core.package_discovery:discover_packages(path) discover
[0.950s] Level 1:colcon.colcon_core.package_discovery:discover_packages(path) using defaults
[1.000s] Level 1:colcon.colcon_core.package_discovery:discover_packages(prefix_path) check parameters
[1.000s] Level 1:colcon.colcon_core.package_discovery:discover_packages(prefix_path) discover
[1.004s] DEBUG:colcon.colcon_installed_package_information.package_discovery:Found 4 installed packages in /home/dkndaie/ros2_ws/install
[1.008s] DEBUG:colcon.colcon_installed_package_information.package_discovery:Found 329 installed packages in /opt/ros/humble
[1.016s] Level 1:colcon.colcon_core.package_discovery:discover_packages(prefix_path) using defaults
[1.135s] Level 5:colcon.colcon_core.verb:set package 'scara_robot' build argument 'cmake_args' from command line to 'None'
[1.136s] Level 5:colcon.colcon_core.verb:set package 'scara_robot' build argument 'cmake_target' from command line to 'None'
[1.136s] Level 5:colcon.colcon_core.verb:set package 'scara_robot' build argument 'cmake_target_skip_unavailable' from command line to 'False'
[1.136s] Level 5:colcon.colcon_core.verb:set package 'scara_robot' build argument 'cmake_clean_cache' from command line to 'False'
[1.136s] Level 5:colcon.colcon_core.verb:set package 'scara_robot' build argument 'cmake_clean_first' from command line to 'False'
[1.136s] Level 5:colcon.colcon_core.verb:set package 'scara_robot' build argument 'cmake_force_configure' from command line to 'False'
[1.136s] Level 5:colcon.colcon_core.verb:set package 'scara_robot' build argument 'ament_cmake_args' from command line to 'None'
[1.136s] Level 5:colcon.colcon_core.verb:set package 'scara_robot' build argument 'catkin_cmake_args' from command line to 'None'
[1.136s] Level 5:colcon.colcon_core.verb:set package 'scara_robot' build argument 'catkin_skip_building_tests' from command line to 'False'
[1.136s] DEBUG:colcon.colcon_core.verb:Building package 'scara_robot' with the following arguments: {'ament_cmake_args': None, 'build_base': '/home/dkndaie/ros2_ws/src/scara_robot/build/scara_robot', 'catkin_cmake_args': None, 'catkin_skip_building_tests': False, 'cmake_args': None, 'cmake_clean_cache': False, 'cmake_clean_first': False, 'cmake_force_configure': False, 'cmake_target': None, 'cmake_target_skip_unavailable': False, 'install_base': '/home/dkndaie/ros2_ws/src/scara_robot/install/scara_robot', 'merge_install': False, 'path': '/home/dkndaie/ros2_ws/src/scara_robot', 'symlink_install': False, 'test_result_base': None}
[1.136s] INFO:colcon.colcon_core.executor:Executing jobs using 'parallel' executor
[1.139s] DEBUG:colcon.colcon_parallel_executor.executor.parallel:run_until_complete
[1.139s] INFO:colcon.colcon_ros.task.ament_python.build:Building ROS package in '/home/dkndaie/ros2_ws/src/scara_robot' with build type 'ament_python'
[1.140s] Level 1:colcon.colcon_core.shell:create_environment_hook('scara_robot', 'ament_prefix_path')
[1.147s] INFO:colcon.colcon_core.plugin_system:Skipping extension 'colcon_core.shell.bat': Not used on non-Windows systems
[1.148s] INFO:colcon.colcon_core.shell:Creating environment hook '/home/dkndaie/ros2_ws/src/scara_robot/install/scara_robot/share/scara_robot/hook/ament_prefix_path.ps1'
[1.149s] INFO:colcon.colcon_core.shell:Creating environment descriptor '/home/dkndaie/ros2_ws/src/scara_robot/install/scara_robot/share/scara_robot/hook/ament_prefix_path.dsv'
[1.150s] INFO:colcon.colcon_core.shell:Creating environment hook '/home/dkndaie/ros2_ws/src/scara_robot/install/scara_robot/share/scara_robot/hook/ament_prefix_path.sh'
[1.152s] INFO:colcon.colcon_core.shell:Skip shell extension 'powershell' for command environment: Not usable outside of PowerShell
[1.152s] DEBUG:colcon.colcon_core.shell:Skip shell extension 'dsv' for command environment
[2.187s] INFO:colcon.colcon_core.task.python.build:Building Python package in '/home/dkndaie/ros2_ws/src/scara_robot'
[2.188s] INFO:colcon.colcon_core.shell:Skip shell extension 'powershell' for command environment: Not usable outside of PowerShell
[2.188s] DEBUG:colcon.colcon_core.shell:Skip shell extension 'dsv' for command environment
[3.360s] DEBUG:colcon.colcon_core.event_handler.log_command:Invoking command in '/home/dkndaie/ros2_ws/src/scara_robot': PYTHONPATH=/home/dkndaie/ros2_ws/src/scara_robot/build/scara_robot/prefix_override:/usr/lib/python3/dist-packages/colcon_core/task/python/colcon_distutils_commands:/home/dkndaie/ros2_ws/src/scara_robot/install/scara_robot/lib/python3.10/site-packages:${PYTHONPATH} /usr/bin/python3 -W ignore:setup.py install is deprecated -W ignore:easy_install command is deprecated setup.py egg_info --egg-base build/scara_robot build --build-base /home/dkndaie/ros2_ws/src/scara_robot/build/scara_robot/build install --record /home/dkndaie/ros2_ws/src/scara_robot/build/scara_robot/install.log --single-version-externally-managed install_data
[4.350s] DEBUG:colcon.colcon_core.event_handler.log_command:Invoked command in '/home/dkndaie/ros2_ws/src/scara_robot' returned '0': PYTHONPATH=/home/dkndaie/ros2_ws/src/scara_robot/build/scara_robot/prefix_override:/usr/lib/python3/dist-packages/colcon_core/task/python/colcon_distutils_commands:/home/dkndaie/ros2_ws/src/scara_robot/install/scara_robot/lib/python3.10/site-packages:${PYTHONPATH} /usr/bin/python3 -W ignore:setup.py install is deprecated -W ignore:easy_install command is deprecated setup.py egg_info --egg-base build/scara_robot build --build-base /home/dkndaie/ros2_ws/src/scara_robot/build/scara_robot/build install --record /home/dkndaie/ros2_ws/src/scara_robot/build/scara_robot/install.log --single-version-externally-managed install_data
[4.354s] Level 1:colcon.colcon_core.environment:checking '/home/dkndaie/ros2_ws/src/scara_robot/install/scara_robot' for CMake module files
[4.355s] Level 1:colcon.colcon_core.environment:checking '/home/dkndaie/ros2_ws/src/scara_robot/install/scara_robot' for CMake config files
[4.356s] Level 1:colcon.colcon_core.environment:checking '/home/dkndaie/ros2_ws/src/scara_robot/install/scara_robot/lib'
[4.356s] Level 1:colcon.colcon_core.environment:checking '/home/dkndaie/ros2_ws/src/scara_robot/install/scara_robot/bin'
[4.356s] Level 1:colcon.colcon_core.environment:checking '/home/dkndaie/ros2_ws/src/scara_robot/install/scara_robot/lib/pkgconfig/scara_robot.pc'
[4.356s] Level 1:colcon.colcon_core.environment:checking '/home/dkndaie/ros2_ws/src/scara_robot/install/scara_robot/lib/python3.10/site-packages'
[4.356s] Level 1:colcon.colcon_core.shell:create_environment_hook('scara_robot', 'pythonpath')
[4.357s] INFO:colcon.colcon_core.shell:Creating environment hook '/home/dkndaie/ros2_ws/src/scara_robot/install/scara_robot/share/scara_robot/hook/pythonpath.ps1'
[4.357s] INFO:colcon.colcon_core.shell:Creating environment descriptor '/home/dkndaie/ros2_ws/src/scara_robot/install/scara_robot/share/scara_robot/hook/pythonpath.dsv'
[4.360s] INFO:colcon.colcon_core.shell:Creating environment hook '/home/dkndaie/ros2_ws/src/scara_robot/install/scara_robot/share/scara_robot/hook/pythonpath.sh'
[4.361s] Level 1:colcon.colcon_core.environment:checking '/home/dkndaie/ros2_ws/src/scara_robot/install/scara_robot/bin'
[4.361s] Level 1:colcon.colcon_core.environment:create_environment_scripts_only(scara_robot)
[4.362s] INFO:colcon.colcon_core.shell:Creating package script '/home/dkndaie/ros2_ws/src/scara_robot/install/scara_robot/share/scara_robot/package.ps1'
[4.363s] INFO:colcon.colcon_core.shell:Creating package descriptor '/home/dkndaie/ros2_ws/src/scara_robot/install/scara_robot/share/scara_robot/package.dsv'
[4.364s] INFO:colcon.colcon_core.shell:Creating package script '/home/dkndaie/ros2_ws/src/scara_robot/install/scara_robot/share/scara_robot/package.sh'
[4.366s] INFO:colcon.colcon_core.shell:Creating package script '/home/dkndaie/ros2_ws/src/scara_robot/install/scara_robot/share/scara_robot/package.bash'
[4.368s] INFO:colcon.colcon_core.shell:Creating package script '/home/dkndaie/ros2_ws/src/scara_robot/install/scara_robot/share/scara_robot/package.zsh'
[4.373s] Level 1:colcon.colcon_core.environment:create_file_with_runtime_dependencies(/home/dkndaie/ros2_ws/src/scara_robot/install/scara_robot/share/colcon-core/packages/scara_robot)
[4.375s] DEBUG:colcon.colcon_parallel_executor.executor.parallel:closing loop
[4.379s] DEBUG:colcon.colcon_parallel_executor.executor.parallel:loop closed
[4.380s] DEBUG:colcon.colcon_parallel_executor.executor.parallel:run_until_complete finished with '0'
[4.380s] DEBUG:colcon.colcon_core.event_reactor:joining thread
[4.394s] INFO:colcon.colcon_core.plugin_system:Skipping extension 'colcon_notification.desktop_notification.terminal_notifier': Not used on non-Darwin systems
[4.395s] INFO:colcon.colcon_core.plugin_system:Skipping extension 'colcon_notification.desktop_notification.win32': Not used on non-Windows systems
[4.395s] INFO:colcon.colcon_notification.desktop_notification:Sending desktop notification using 'notify2'
[4.430s] DEBUG:colcon.colcon_core.event_reactor:joined thread
[4.431s] INFO:colcon.colcon_core.shell:Creating prefix script '/home/dkndaie/ros2_ws/src/scara_robot/install/local_setup.ps1'
[4.433s] INFO:colcon.colcon_core.shell:Creating prefix util module '/home/dkndaie/ros2_ws/src/scara_robot/install/_local_setup_util_ps1.py'
[4.435s] INFO:colcon.colcon_core.shell:Creating prefix chain script '/home/dkndaie/ros2_ws/src/scara_robot/install/setup.ps1'
[4.437s] INFO:colcon.colcon_core.shell:Creating prefix script '/home/dkndaie/ros2_ws/src/scara_robot/install/local_setup.sh'
[4.438s] INFO:colcon.colcon_core.shell:Creating prefix util module '/home/dkndaie/ros2_ws/src/scara_robot/install/_local_setup_util_sh.py'
[4.438s] INFO:colcon.colcon_core.shell:Creating prefix chain script '/home/dkndaie/ros2_ws/src/scara_robot/install/setup.sh'
[4.440s] INFO:colcon.colcon_core.shell:Creating prefix script '/home/dkndaie/ros2_ws/src/scara_robot/install/local_setup.bash'
[4.441s] INFO:colcon.colcon_core.shell:Creating prefix chain script '/home/dkndaie/ros2_ws/src/scara_robot/install/setup.bash'
[4.442s] INFO:colcon.colcon_core.shell:Creating prefix script '/home/dkndaie/ros2_ws/src/scara_robot/install/local_setup.zsh'
[4.443s] INFO:colcon.colcon_core.shell:Creating prefix chain script '/home/dkndaie/ros2_ws/src/scara_robot/install/setup.zsh'
