running egg_info
writing build/scara_robot/scara_robot.egg-info/PKG-INFO
writing dependency_links to build/scara_robot/scara_robot.egg-info/dependency_links.txt
writing entry points to build/scara_robot/scara_robot.egg-info/entry_points.txt
writing requirements to build/scara_robot/scara_robot.egg-info/requires.txt
writing top-level names to build/scara_robot/scara_robot.egg-info/top_level.txt
reading manifest file 'build/scara_robot/scara_robot.egg-info/SOURCES.txt'
writing manifest file 'build/scara_robot/scara_robot.egg-info/SOURCES.txt'
running build
running build_py
copying scara_robot/fk_subscriber.py -> /home/dkndaie/ros2_ws/src/scara_robot/build/scara_robot/build/lib/scara_robot
running install
running install_lib
copying /home/dkndaie/ros2_ws/src/scara_robot/build/scara_robot/build/lib/scara_robot/fk_subscriber.py -> /home/dkndaie/ros2_ws/src/scara_robot/install/scara_robot/lib/python3.10/site-packages/scara_robot
byte-compiling /home/dkndaie/ros2_ws/src/scara_robot/install/scara_robot/lib/python3.10/site-packages/scara_robot/fk_subscriber.py to fk_subscriber.cpython-310.pyc
running install_data
running install_egg_info
removing '/home/dkndaie/ros2_ws/src/scara_robot/install/scara_robot/lib/python3.10/site-packages/scara_robot-0.0.1-py3.10.egg-info' (and everything under it)
Copying build/scara_robot/scara_robot.egg-info to /home/dkndaie/ros2_ws/src/scara_robot/install/scara_robot/lib/python3.10/site-packages/scara_robot-0.0.1-py3.10.egg-info
running install_scripts
Installing fk_subscriber script to /home/dkndaie/ros2_ws/src/scara_robot/install/scara_robot/lib/scara_robot
writing list of installed files to '/home/dkndaie/ros2_ws/src/scara_robot/build/scara_robot/install.log'
